<?xml version="1.0" encoding="UTF-8"?>
<testng-results ignored="0" total="2" passed="2" failed="0" skipped="0">
  <reporter-output>
  </reporter-output>
  <suite started-at="2024-05-26T12:49:39 CDT" name="Regression" finished-at="2024-05-26T12:50:02 CDT" duration-ms="22678">
    <groups>
      <group name="cucumber">
        <method signature="AbstractTestNGCucumberTests.feature(cucumber.api.testng.CucumberFeatureWrapper)[pri:0, instance:ecommerce.TestRunner.EcommerceTe3stRunner@663c9e7a]" name="feature" class="cucumber.api.testng.AbstractTestNGCucumberTests"/>
      </group> <!-- cucumber -->
    </groups>
    <test started-at="2024-05-26T12:49:39 CDT" name="Test" finished-at="2024-05-26T12:50:02 CDT" duration-ms="22678">
      <class name="ecommerce.TestRunner.EcommerceTe3stRunner">
        <test-method is-config="true" signature="EcommerceStartURL()[pri:0, instance:ecommerce.TestRunner.EcommerceTe3stRunner@663c9e7a]" started-at="2024-05-26T12:49:39 CDT" name="EcommerceStartURL" finished-at="2024-05-26T12:49:40 CDT" duration-ms="1445" status="PASS">
          <reporter-output>
          </reporter-output>
        </test-method> <!-- EcommerceStartURL -->
        <test-method is-config="true" signature="setUpClass()[pri:0, instance:ecommerce.TestRunner.EcommerceTe3stRunner@663c9e7a]" started-at="2024-05-26T12:49:40 CDT" name="setUpClass" finished-at="2024-05-26T12:49:41 CDT" duration-ms="334" status="PASS">
          <reporter-output>
          </reporter-output>
        </test-method> <!-- setUpClass -->
        <test-method signature="feature(cucumber.api.testng.CucumberFeatureWrapper)[pri:0, instance:ecommerce.TestRunner.EcommerceTe3stRunner@663c9e7a]" started-at="2024-05-26T12:49:41 CDT" name="feature" description="Runs Cucumber Feature" data-provider="features" finished-at="2024-05-26T12:49:52 CDT" duration-ms="11570" status="PASS">
          <params>
            <param index="0">
              <value>
                <![CDATA[This feature is for verify loging activity]]>
              </value>
            </param>
          </params>
          <reporter-output>
          </reporter-output>
        </test-method> <!-- feature -->
        <test-method signature="feature(cucumber.api.testng.CucumberFeatureWrapper)[pri:0, instance:ecommerce.TestRunner.EcommerceTe3stRunner@663c9e7a]" started-at="2024-05-26T12:49:52 CDT" name="feature" description="Runs Cucumber Feature" data-provider="features" finished-at="2024-05-26T12:50:01 CDT" duration-ms="8810" status="PASS">
          <params>
            <param index="0">
              <value>
                <![CDATA[This is for user registration activity]]>
              </value>
            </param>
          </params>
          <reporter-output>
          </reporter-output>
        </test-method> <!-- feature -->
        <test-method is-config="true" signature="tearDownClass()[pri:0, instance:ecommerce.TestRunner.EcommerceTe3stRunner@663c9e7a]" started-at="2024-05-26T12:50:01 CDT" name="tearDownClass" finished-at="2024-05-26T12:50:01 CDT" duration-ms="7" status="PASS">
          <reporter-output>
          </reporter-output>
        </test-method> <!-- tearDownClass -->
        <test-method is-config="true" signature="EcommerceCloseBrowser()[pri:0, instance:ecommerce.TestRunner.EcommerceTe3stRunner@663c9e7a]" started-at="2024-05-26T12:50:01 CDT" name="EcommerceCloseBrowser" finished-at="2024-05-26T12:50:02 CDT" duration-ms="364" status="PASS">
          <reporter-output>
          </reporter-output>
        </test-method> <!-- EcommerceCloseBrowser -->
      </class> <!-- ecommerce.TestRunner.EcommerceTe3stRunner -->
    </test> <!-- Test -->
  </suite> <!-- Regression -->
</testng-results>
